Qflow DRC logfile created on jue 15 jul 20:03:10 CST 2021
magic -dnull -noconsole  /home/marlon/Escritorio/Protecto_part2_micro/src/perf_sys/layout/run_drc_area_sys.tcl

Magic 8.2 revision 157 - Compiled on Thu, 07 Nov 2019 21:14:45 +0100.
Starting magic under Tcl interpreter
Using the terminal as the console.
Using NULL graphics device.
Processing system .magicrc file
Input style lambda=0.10(p): scaleFactor=10, multiplier=1
Contact size value ignored (using GDS generation rules).
Contact size value ignored (using GDS generation rules).
Contact size value ignored (using GDS generation rules).
Contact size value ignored (using GDS generation rules).
Contact size value ignored (using GDS generation rules).
Contact size value ignored (using GDS generation rules).
Loading "/home/marlon/Escritorio/Protecto_part2_micro/src/perf_sys/layout/run_drc_area_sys.tcl" from command line.
Reading LEF data from file /usr/share/qflow/tech/osu018/osu018_stdcells.lef.
This action cannot be undone.
LEF read, Line 16 (Message): Unknown keyword "OBS" in LEF file; ignoring.
LEF read, Line 17 (Message): Unknown keyword "PIN" in LEF file; ignoring.
LEF read, Line 309 (Message): Defines site core (ignored)
Moving label "CLK" from metal1 to m2contact in cell DFFNEGX1.
Moving label "CLK" from metal1 to m2contact in cell DFFNEGX1.
Moving label "A" from metal1 to m2contact in cell XNOR2X1.
LEF read: Processed 2941 lines.
area_sys: 10000 rects
Processing timestamp mismatches: FILL, INVX1, BUFX2, AOI21X1, NAND2X1, NOR2X1, OAI22X1, MUX2X1, DFFPOSX1, INVX2, OR2X2, XNOR2X1, XOR2X1, AND2X2, AOI22X1, OAI21X1, CLKBUF1, BUFX4, INVX4, NAND3X1, NOR3X1, INVX8.
drc = 84
DRC failure:  There are 84 DRC errors in the layout.
Premature exit.
Synthesis flow stopped due to error condition.
