Qflow placement logfile created on jue 15 jul 19:55:58 CST 2021
Running blif2cel to generate input files for graywolf
blif2cel.tcl --blif /home/marlon/Escritorio/Protecto_part2_micro/src/perf_sys/synthesis/area_sys.blif  --lef  /usr/share/qflow/tech/osu018/osu018_stdcells.lef --cel /home/marlon/Escritorio/Protecto_part2_micro/src/perf_sys/layout/area_sys.cel 
Opened BLIF file (/home/marlon/Escritorio/Protecto_part2_micro/src/perf_sys/synthesis/area_sys.blif) for reading ...
Opened CEL file (/home/marlon/Escritorio/Protecto_part2_micro/src/perf_sys/layout/area_sys.cel) for writing...
Loaded /usr/share/qflow/tech/osu018/osu018_stdcells.lef file for reading...
1st pass of blif file /home/marlon/Escritorio/Protecto_part2_micro/src/perf_sys/synthesis/area_sys.blif. . .
Reading macros and/or technology data from LEF file. . .
LEF file specifies route layer Y pitch as 1
LEF file specifies route layer X pitch as 0.8
Parsing macro AND2X2
Parsing macro AOI21X1
Parsing macro AOI22X1
Parsing macro BUFX2
Parsing macro BUFX4
Parsing macro NOR3X1
Parsing macro DFFPOSX1
Parsing macro INVX1
Parsing macro INVX2
Parsing macro INVX4
Parsing macro INVX8
Parsing macro NAND2X1
Parsing macro NAND3X1
Parsing macro NOR2X1
Parsing macro OAI21X1
Parsing macro OAI22X1
Parsing macro OR2X2
Parsing macro XOR2X1
Parsing macro MUX2X1
Parsing macro XNOR2X1
Parsing macro CLKBUF1
2nd pass of blif file. . .
3rd pass of blif file. . .
Done!
No area_sys.cel1 file found for project. . . no partial blockages to apply to layout.
No area_sys.cel2 file found for project. . . continuing without pin placement hints
Running GrayWolf placement
graywolf  area_sys

twflow version:2.1 date:Mon May 25 21:15:08 EDT 1992
Authors: Bill Swartz, Carl Sechen
         Yale University

syntax version:v1.1 date:Mon May 25 21:11:10 EDT 1992
TimberWolf System Syntax Checker
Authors: Carl Sechen, Kai-Win Lee, Bill Swartz,
         Dahe Chen, and Jimmy Lam
         Yale University

Read   50 objects so far...
Read  100 objects so far...
Read  150 objects so far...
Read  200 objects so far...
Read  250 objects so far...
Read  300 objects so far...
Read  350 objects so far...
Read  400 objects so far...
Read  450 objects so far...
Read  500 objects so far...
Read  550 objects so far...
Read  600 objects so far...
Read  650 objects so far...
Read  700 objects so far...
Read  750 objects so far...
Read  800 objects so far...
Read  850 objects so far...
Read  900 objects so far...
Read  950 objects so far...
Read 1000 objects so far...
Read 1050 objects so far...
Read 1100 objects so far...
Read 1150 objects so far...
Read 1200 objects so far...
Read 1250 objects so far...
Read 1300 objects so far...
Read 1350 objects so far...
Read 1400 objects so far...
Read 1450 objects so far...
No syntax errors were found

syntax terminated normally with no errors and 0 warning[s]


----------------------------
Total stdcells     :1340
Total cell width   :4.73e+05
Total cell height  :1.34e+06
Total cell area    :4.73e+08
Total core area    :4.73e+08
Average cell height:1.00e+03


nocut - replacement for Mincut version:v1.0 date:Mon May 25 21:09:40 EDT 1992
TimberWolf System Floorplan Setup Program
Authors: Carl Sechen, Bill Swartz,
         Yale University

Read   50 objects so far...
Read  100 objects so far...
Read  150 objects so far...
Read  200 objects so far...
Read  250 objects so far...
Read  300 objects so far...
Read  350 objects so far...
Read  400 objects so far...
Read  450 objects so far...
Read  500 objects so far...
Read  550 objects so far...
Read  600 objects so far...
Read  650 objects so far...
Read  700 objects so far...
Read  750 objects so far...
Read  800 objects so far...
Read  850 objects so far...
Read  900 objects so far...
Read  950 objects so far...
Read 1000 objects so far...
Read 1050 objects so far...
Read 1100 objects so far...
Read 1150 objects so far...
Read 1200 objects so far...
Read 1250 objects so far...
Read 1300 objects so far...
Read 1350 objects so far...
Read 1400 objects so far...
Read 1450 objects so far...
Splitting area_sys.cel into area_sys.scel and area_sys.mcel...
	done!


nocut - replacement for Mincut terminated normally with no errors and 0 warning[s]


TimberWolfMC version:v2.2 date:Mon May 25 21:18:34 EDT 1992
Authors: Carl Sechen, Bill Swartz, Kai-Win Lee
         Dahe Chen, and Jimmy Lam
         Yale University

config version:v1.0 date:Mon May 25 20:57:18 EDT 1992
Row configuration program
    Yale University


config switches:
	Graphics mode on
	config will inherit window


Note: restore state file exists:area_sys


config terminated normally with no errors and 0 warning[s]


TimberWolfMC terminated normally with no errors and 0 warning[s]

WARNING[findcost]:Net <gnd> has 117 pins


TimberWolfSC switches:
	Graphics mode on
	TimberWolfSC will inherit window

TimberWolfSC version:v6.0 date:Mon May 25 21:19:07 EDT 1992
Row-Based Placement and Global Routing Program
Authors: Carl Sechen, Kai-Win Lee, and Bill Swartz,
         Yale University
  0 
  1   2   3   4   5   6   7   8   9  10  11  12  13  14  15 
 16  17  18  19  20  21  22  23  24  25  26  27  28  29  30 
 31  32  33  34  35  36  37  38  39  40  41  42  43  44  45 
 46  47  48  49  50  51  52  53  54  55  56  57  58  59  60 
 61  62  63  64  65  66  67  68  69  70  71  72  73  74  75 
 76  77  78  79  80  81  82  83  84  85  86  87  88  89  90 
 91  92  93  94  95  96  97  98  99 100 101 102 103 104 105 
106 107 108 109 110 111 112 113 114 115 116 117 118 119 120 
121 122 123 124 125 126 127 128 129 130 131 132 133 134 135 
136 137 138 139 140 141 142 143 144 145 146 147 148 149 150 
151 152 153 154 155 156 157 158 
 block left edge is at -239
 the longest block length is 27280
 building the steiner trees
 rebuilding the steiner tree

----start doing coarse global routing ------ 
 ITERATION  1

  longest Row is:15   Its length is:26400
 doing feed-through pins assignment
 building the net-tree now !
 set up the global routing grids
 the starting value of tracks =  163
 tracks = 151 at attempts =  1000
 tracks = 149 at attempts =  2000
 tracks = 146 at attempts =  3000
 tracks = 144 at attempts =  4000
 tracks = 144 at attempts =  5000
 tracks = 143 at attempts =  6000
 tracks = 143 at attempts =  7000
 tracks = 143 at attempts =  8000
 tracks = 143 at attempts =  9000
 tracks = 143 at attempts = 10000
 tracks = 143 at attempts = 11000
 tracks = 143 at attempts = 12000
 tracks = 143 at attempts = 13000
 tracks = 143 at attempts = 14000
 tracks = 143 at attempts = 15000
 tracks = 143 at attempts = 16000
 tracks = 143 at attempts = 17000
 tracks = 143 at attempts = 18000
 tracks = 143 at attempts = 19000
 tracks = 143 at attempts = 20000
 tracks = 143 at attempts = 21000
 tracks = 143 at attempts = 22000
 tracks = 143 at attempts = 23000
 tracks = 143 at attempts = 24000
 tracks = 143 at attempts = 25000
 tracks = 143 at attempts = 26000
 tracks = 143 at attempts = 27000
 tracks = 143 at attempts = 28000
 tracks = 143 at attempts = 29000
 tracks = 143 at attempts = 30000
 tracks = 143 at attempts = 31000
 tracks = 143 at attempts = 32000
 tracks = 143 at attempts = 33000
 tracks = 143 at attempts = 34000
 tracks = 143 at attempts = 35000
 tracks = 143 at attempts = 36000
 removing redundant feed-through pins
 the connectivity of all the nets is verified

 block left edge is at -239
 the longest block length is 27280
 building the steiner trees
 rebuilding the steiner tree

----start doing coarse global routing ------ 
 ITERATION  1

  longest Row is:15   Its length is:26400
 doing feed-through pins assignment
 building the net-tree now !
 set up the global routing grids
 the starting value of tracks =  157
 tracks = 149 at attempts =  1000
 tracks = 146 at attempts =  2000
 tracks = 146 at attempts =  3000
 tracks = 143 at attempts =  4000
 tracks = 141 at attempts =  5000
 tracks = 141 at attempts =  6000
 tracks = 141 at attempts =  7000
 tracks = 141 at attempts =  8000
 tracks = 141 at attempts =  9000
 tracks = 141 at attempts = 10000
 tracks = 141 at attempts = 11000
 tracks = 141 at attempts = 12000
 tracks = 141 at attempts = 13000
 tracks = 141 at attempts = 14000
 tracks = 141 at attempts = 15000
 tracks = 141 at attempts = 16000
 tracks = 141 at attempts = 17000
 tracks = 141 at attempts = 18000
 tracks = 141 at attempts = 19000
 tracks = 141 at attempts = 20000
 tracks = 141 at attempts = 21000
 tracks = 141 at attempts = 22000
 tracks = 141 at attempts = 23000
 tracks = 141 at attempts = 24000
 tracks = 141 at attempts = 25000
 tracks = 141 at attempts = 26000
 tracks = 141 at attempts = 27000
 tracks = 141 at attempts = 28000
 tracks = 141 at attempts = 29000
 tracks = 141 at attempts = 30000
 tracks = 141 at attempts = 31000
 tracks = 141 at attempts = 32000
 tracks = 141 at attempts = 33000
 tracks = 141 at attempts = 34000
 tracks = 141 at attempts = 35000
 tracks = 141 at attempts = 36000
 removing redundant feed-through pins
 the connectivity of all the nets is verified

 block left edge is at -239
 the longest block length is 27280
 building the steiner trees
 rebuilding the steiner tree

----start doing coarse global routing ------ 
 ITERATION  1

  longest Row is:15   Its length is:26400
 doing feed-through pins assignment
 building the net-tree now !
 set up the global routing grids
 the starting value of tracks =  162
 tracks = 152 at attempts =  1000
 tracks = 150 at attempts =  2000
 tracks = 146 at attempts =  3000
 tracks = 144 at attempts =  4000
 tracks = 144 at attempts =  5000
 tracks = 144 at attempts =  6000
 tracks = 144 at attempts =  7000
 tracks = 144 at attempts =  8000
 tracks = 144 at attempts =  9000
 tracks = 143 at attempts = 10000
 tracks = 143 at attempts = 11000
 tracks = 143 at attempts = 12000
 tracks = 143 at attempts = 13000
 tracks = 143 at attempts = 14000
 tracks = 143 at attempts = 15000
 tracks = 143 at attempts = 16000
 tracks = 143 at attempts = 17000
 tracks = 143 at attempts = 18000
 tracks = 143 at attempts = 19000
 tracks = 143 at attempts = 20000
 tracks = 143 at attempts = 21000
 tracks = 143 at attempts = 22000
 tracks = 143 at attempts = 23000
 tracks = 143 at attempts = 24000
 tracks = 143 at attempts = 25000
 tracks = 143 at attempts = 26000
 tracks = 143 at attempts = 27000
 tracks = 143 at attempts = 28000
 tracks = 143 at attempts = 29000
 tracks = 143 at attempts = 30000
 tracks = 143 at attempts = 31000
 tracks = 143 at attempts = 32000
 tracks = 143 at attempts = 33000
 tracks = 143 at attempts = 34000
 tracks = 143 at attempts = 35000
 tracks = 143 at attempts = 36000
 removing redundant feed-through pins
 the connectivity of all the nets is verified

 block left edge is at -239
 the longest block length is 27280
 building the steiner trees
 rebuilding the steiner tree

----start doing coarse global routing ------ 
 ITERATION  1

  longest Row is:15   Its length is:26400
 doing feed-through pins assignment
 building the net-tree now !
 set up the global routing grids
 the starting value of tracks =  175
 tracks = 174 at attempts =  1000
 tracks = 174 at attempts =  2000
 tracks = 174 at attempts =  3000
 tracks = 174 at attempts =  4000
 tracks = 174 at attempts =  5000
 tracks = 174 at attempts =  6000
 tracks = 174 at attempts =  7000
 tracks = 174 at attempts =  8000
 tracks = 174 at attempts =  9000
 tracks = 174 at attempts = 10000
 tracks = 174 at attempts = 11000
 tracks = 174 at attempts = 12000
 tracks = 174 at attempts = 13000
 tracks = 174 at attempts = 14000
 tracks = 174 at attempts = 15000
 tracks = 174 at attempts = 16000
 tracks = 174 at attempts = 17000
 tracks = 174 at attempts = 18000
 tracks = 174 at attempts = 19000
 tracks = 174 at attempts = 20000
 tracks = 174 at attempts = 21000
 tracks = 174 at attempts = 22000
 tracks = 174 at attempts = 23000
 tracks = 174 at attempts = 24000
 tracks = 174 at attempts = 25000
 tracks = 174 at attempts = 26000
 tracks = 174 at attempts = 27000
 tracks = 174 at attempts = 28000
 tracks = 174 at attempts = 29000
 tracks = 174 at attempts = 30000
 tracks = 174 at attempts = 31000
 tracks = 174 at attempts = 32000
 tracks = 174 at attempts = 33000
 tracks = 174 at attempts = 34000
 tracks = 174 at attempts = 35000
 tracks = 174 at attempts = 36000
 removing redundant feed-through pins
 the connectivity of all the nets is verified

 block left edge is at -239
 the longest block length is 27280
 building the steiner trees
 rebuilding the steiner tree

----start doing coarse global routing ------ 
 ITERATION  1

  longest Row is:15   Its length is:26400
 doing feed-through pins assignment
 building the net-tree now !
 set up the global routing grids
 the starting value of tracks =  166
 tracks = 154 at attempts =  1000
 tracks = 147 at attempts =  2000
 tracks = 144 at attempts =  3000
 tracks = 144 at attempts =  4000
 tracks = 143 at attempts =  5000
 tracks = 143 at attempts =  6000
 tracks = 142 at attempts =  7000
 tracks = 142 at attempts =  8000
 tracks = 142 at attempts =  9000
 tracks = 142 at attempts = 10000
 tracks = 142 at attempts = 11000
 tracks = 142 at attempts = 12000
 tracks = 142 at attempts = 13000
 tracks = 142 at attempts = 14000
 tracks = 142 at attempts = 15000
 tracks = 142 at attempts = 16000
 tracks = 142 at attempts = 17000
 tracks = 142 at attempts = 18000
 tracks = 142 at attempts = 19000
 tracks = 142 at attempts = 20000
 tracks = 142 at attempts = 21000
 tracks = 142 at attempts = 22000
 tracks = 142 at attempts = 23000
 tracks = 142 at attempts = 24000
 tracks = 142 at attempts = 25000
 tracks = 142 at attempts = 26000
 tracks = 142 at attempts = 27000
 tracks = 142 at attempts = 28000
 tracks = 142 at attempts = 29000
 tracks = 142 at attempts = 30000
 tracks = 142 at attempts = 31000
 tracks = 142 at attempts = 32000
 tracks = 142 at attempts = 33000
 tracks = 142 at attempts = 34000
 tracks = 142 at attempts = 35000
 tracks = 142 at attempts = 36000
 removing redundant feed-through pins
 the connectivity of all the nets is verified

 block left edge is at -239
 the longest block length is 27280
 building the steiner trees
 rebuilding the steiner tree

----start doing coarse global routing ------ 
 ITERATION  1

  longest Row is:15   Its length is:26400
 doing feed-through pins assignment
 building the net-tree now !
 set up the global routing grids
 the starting value of tracks =  164
 tracks = 156 at attempts =  1000
 tracks = 152 at attempts =  2000
 tracks = 151 at attempts =  3000
 tracks = 150 at attempts =  4000
 tracks = 147 at attempts =  5000
 tracks = 147 at attempts =  6000
 tracks = 147 at attempts =  7000
 tracks = 147 at attempts =  8000
 tracks = 147 at attempts =  9000
 tracks = 147 at attempts = 10000
 tracks = 147 at attempts = 11000
 tracks = 147 at attempts = 12000
 tracks = 147 at attempts = 13000
 tracks = 147 at attempts = 14000
 tracks = 147 at attempts = 15000
 tracks = 147 at attempts = 16000
 tracks = 147 at attempts = 17000
 tracks = 147 at attempts = 18000
 tracks = 147 at attempts = 19000
 tracks = 147 at attempts = 20000
 tracks = 147 at attempts = 21000
 tracks = 147 at attempts = 22000
 tracks = 147 at attempts = 23000
 tracks = 147 at attempts = 24000
 tracks = 147 at attempts = 25000
 tracks = 147 at attempts = 26000
 tracks = 147 at attempts = 27000
 tracks = 147 at attempts = 28000
 tracks = 147 at attempts = 29000
 tracks = 147 at attempts = 30000
 tracks = 147 at attempts = 31000
 tracks = 147 at attempts = 32000
 tracks = 147 at attempts = 33000
 tracks = 147 at attempts = 34000
 tracks = 147 at attempts = 35000
 tracks = 147 at attempts = 36000
 removing redundant feed-through pins
 the connectivity of all the nets is verified

 block left edge is at -239
 the longest block length is 27280
 building the steiner trees
 rebuilding the steiner tree

----start doing coarse global routing ------ 
 ITERATION  1

  longest Row is:15   Its length is:26400
 doing feed-through pins assignment
 building the net-tree now !
 set up the global routing grids
 the starting value of tracks =  162
 tracks = 152 at attempts =  1000
 tracks = 148 at attempts =  2000
 tracks = 146 at attempts =  3000
 tracks = 145 at attempts =  4000
 tracks = 144 at attempts =  5000
 tracks = 143 at attempts =  6000
 tracks = 141 at attempts =  7000
 tracks = 141 at attempts =  8000
 tracks = 141 at attempts =  9000
 tracks = 141 at attempts = 10000
 tracks = 141 at attempts = 11000
 tracks = 141 at attempts = 12000
 tracks = 141 at attempts = 13000
 tracks = 140 at attempts = 14000
 tracks = 140 at attempts = 15000
 tracks = 140 at attempts = 16000
 tracks = 140 at attempts = 17000
 tracks = 140 at attempts = 18000
 tracks = 140 at attempts = 19000
 tracks = 140 at attempts = 20000
 tracks = 140 at attempts = 21000
 tracks = 140 at attempts = 22000
 tracks = 140 at attempts = 23000
 tracks = 140 at attempts = 24000
 tracks = 140 at attempts = 25000
 tracks = 140 at attempts = 26000
 tracks = 140 at attempts = 27000
 tracks = 140 at attempts = 28000
 tracks = 140 at attempts = 29000
 tracks = 140 at attempts = 30000
 tracks = 140 at attempts = 31000
 tracks = 140 at attempts = 32000
 tracks = 140 at attempts = 33000
 tracks = 140 at attempts = 34000
 tracks = 140 at attempts = 35000
 tracks = 140 at attempts = 36000
 removing redundant feed-through pins
 the connectivity of all the nets is verified

 block left edge is at -239
 the longest block length is 27280
 building the steiner trees
 rebuilding the steiner tree

----start doing coarse global routing ------ 
 ITERATION  1

  longest Row is:15   Its length is:26400
 doing feed-through pins assignment
 building the net-tree now !
 set up the global routing grids
 the starting value of tracks =  178
 tracks = 176 at attempts =  1000
 tracks = 176 at attempts =  2000
 tracks = 176 at attempts =  3000
 tracks = 176 at attempts =  4000
 tracks = 176 at attempts =  5000
 tracks = 176 at attempts =  6000
 tracks = 176 at attempts =  7000
 tracks = 176 at attempts =  8000
 tracks = 176 at attempts =  9000
 tracks = 176 at attempts = 10000
 tracks = 176 at attempts = 11000
 tracks = 176 at attempts = 12000
 tracks = 176 at attempts = 13000
 tracks = 176 at attempts = 14000
 tracks = 176 at attempts = 15000
 tracks = 176 at attempts = 16000
 tracks = 176 at attempts = 17000
 tracks = 176 at attempts = 18000
 tracks = 176 at attempts = 19000
 tracks = 176 at attempts = 20000
 tracks = 176 at attempts = 21000
 tracks = 176 at attempts = 22000
 tracks = 176 at attempts = 23000
 tracks = 176 at attempts = 24000
 tracks = 176 at attempts = 25000
 tracks = 176 at attempts = 26000
 tracks = 176 at attempts = 27000
 tracks = 176 at attempts = 28000
 tracks = 176 at attempts = 29000
 tracks = 176 at attempts = 30000
 tracks = 176 at attempts = 31000
 tracks = 176 at attempts = 32000
 tracks = 176 at attempts = 33000
 tracks = 176 at attempts = 34000
 tracks = 176 at attempts = 35000
 tracks = 176 at attempts = 36000
 removing redundant feed-through pins
 the connectivity of all the nets is verified


***********************************************
*ACTUAL* FINAL NUMBER OF ROUTING TRACKS: 140
***********************************************


TimberWolfSC terminated normally with no errors and 1 warning[s]


twflow terminated normally with no errors and 0 warning[s]

Running getfillcell to determine cell to use for fill.
getfillcell.tcl area_sys  /usr/share/qflow/tech/osu018/osu018_stdcells.lef FILL
Using cell FILL for fill
Running place2def to translate graywolf output to DEF format.
place2def.tcl area_sys FILL 
Running place2def.tcl
DEF database: 100 units per micron
Limits: xbot = -535.0 ybot = -465.0 xtop = 26455.0 ytop = 18065.0
Core values: 40.0 50.0 26440.0 18050.0
Offsets: 40.0 50.0
6 routing layers
metal1: 187 vertical tracks from -3um with 1um pitch
metal2: 339 vertical tracks from -3.2um with 0.8um pitch
metal3: 187 vertical tracks from -3um with 1um pitch
metal4: 339 vertical tracks from -3.2um with 0.8um pitch
metal5: 187 vertical tracks from -3um with 1um pitch
metal6: 170 vertical tracks from -3.2um with 1.6um pitch
Summary: Total components = 1340
  Fill cells  = 0
  Other cells = 1340
Done with place2def.tcl
Running addspacers to generate power stripes and align cell right edge
addspacers.tcl  -stripe 2.0 50.0 PG area_sys  /usr/share/qflow/tech/osu018/osu018_stdcells.lef FILL
Reading FILL macros from LEF file.
Reading DEF file area_sys.def. . .
Number of rows is 18
Longest row has width 264.4 um
addspacers:  Inserting 4 stripes of width 1.6 um (2.0 um requested)
  Pitch 49.6 um, offset 57.6 um
stretch:  Number of components is 1508
Analysis of DEF file:
Number of components = 1340
New number of components = 1508
Number of rows = 18
Adjusting obstructions for power striping
Done with addspacers.tcl
Running arrangepins to adjust pin positions for optimal routing.
arrangepins.tcl  area_sys
Reading info file area_sys.info. . .
Reading DEF file area_sys.def. . .
Warning: pin block2[7] has no bounding box.
Warning: pin block9[2] has no bounding box.
Warning: pin block4[5] has no bounding box.
Warning: pin block11[2] has no bounding box.
Warning: pin block6[5] has no bounding box.
Warning: pin block5[7] has no bounding box.
Warning: pin block1[7] has no bounding box.
Warning: pin block8[1] has no bounding box.
Warning: pin block0[7] has no bounding box.
Warning: pin block7[5] has no bounding box.
Warning: pin block1[5] has no bounding box.
Warning: pin block6[1] has no bounding box.
Warning: pin block2[4] has no bounding box.
Warning: pin block6[6] has no bounding box.
Warning: pin block7[6] has no bounding box.
Warning: pin block11[3] has no bounding box.
Warning: pin block3[2] has no bounding box.
Warning: pin block9[7] has no bounding box.
Warning: pin block5[6] has no bounding box.
Warning: pin block6[2] has no bounding box.
Warning: pin block1[6] has no bounding box.
Warning: pin block8[3] has no bounding box.
Warning: pin block10[5] has no bounding box.
Warning: pin block9[6] has no bounding box.
Warning: pin block5[4] has no bounding box.
Warning: pin block0[6] has no bounding box.
Warning: pin block9[5] has no bounding box.
Warning: pin block8[5] has no bounding box.
Warning: pin block10[6] has no bounding box.
Warning: pin block3[3] has no bounding box.
Warning: pin block7[7] has no bounding box.
Warning: pin block7[1] has no bounding box.
Warning: pin block8[2] has no bounding box.
Warning: pin block4[7] has no bounding box.
Warning: pin block5[1] has no bounding box.
Warning: pin block4[6] has no bounding box.
Warning: pin block0[5] has no bounding box.
Warning: pin block3[7] has no bounding box.
Warning: pin block1[3] has no bounding box.
Warning: pin block6[4] has no bounding box.
Warning: pin block4[4] has no bounding box.
Warning: pin block7[3] has no bounding box.
Warning: pin block0[4] has no bounding box.
Warning: pin block7[4] has no bounding box.
Warning: pin block8[6] has no bounding box.
Warning: pin block2[6] has no bounding box.
Warning: pin block0[3] has no bounding box.
Warning: pin block8[7] has no bounding box.
Warning: pin block7[2] has no bounding box.
Warning: pin block4[3] has no bounding box.
Warning: pin block0[1] has no bounding box.
Warning: pin block5[3] has no bounding box.
Warning: pin block11[7] has no bounding box.
Warning: pin block10[4] has no bounding box.
Warning: pin block4[1] has no bounding box.
Warning: pin block10[7] has no bounding box.
Warning: pin block10[2] has no bounding box.
Warning: pin block6[3] has no bounding box.
Warning: pin block3[1] has no bounding box.
Warning: pin block9[4] has no bounding box.
Warning: pin block2[5] has no bounding box.
Warning: pin block3[6] has no bounding box.
Warning: pin block6[7] has no bounding box.
Warning: pin block3[4] has no bounding box.
Warning: pin block10[3] has no bounding box.
Warning: pin block9[1] has no bounding box.
Warning: pin block1[2] has no bounding box.
Warning: pin block10[1] has no bounding box.
Warning: pin block2[1] has no bounding box.
Warning: pin block5[2] has no bounding box.
Warning: pin block0[2] has no bounding box.
Warning: pin block9[3] has no bounding box.
Warning: pin block3[5] has no bounding box.
Warning: pin block2[3] has no bounding box.
Warning: pin block11[6] has no bounding box.
Warning: pin block4[2] has no bounding box.
Warning: pin block1[4] has no bounding box.
Warning: pin block11[1] has no bounding box.
Warning: pin block11[5] has no bounding box.
Warning: pin block11[4] has no bounding box.
Warning: pin block2[2] has no bounding box.
Warning: pin block5[5] has no bounding box.
Warning: pin block8[4] has no bounding box.
Warning: pin block1[1] has no bounding box.
Recalculating pin positions
Writing DEF file area_sys_mod.def. . .
Done with arrangepins.tcl
blifanno.tcl /home/marlon/Escritorio/Protecto_part2_micro/src/perf_sys/synthesis/area_sys.blif area_sys.def /home/marlon/Escritorio/Protecto_part2_micro/src/perf_sys/synthesis/area_sys_anno.blif
Running blifanno.tcl
Reading DEF file area_sys.def. . .
Done with blifanno.tcl

Generating RTL verilog and SPICE netlist file in directory
   /home/marlon/Escritorio/Protecto_part2_micro/src/perf_sys/synthesis
Files:
   Verilog: /home/marlon/Escritorio/Protecto_part2_micro/src/perf_sys/synthesis/area_sys.rtl.v
   Verilog: /home/marlon/Escritorio/Protecto_part2_micro/src/perf_sys/synthesis/area_sys.rtlnopwr.v
   Verilog: /home/marlon/Escritorio/Protecto_part2_micro/src/perf_sys/synthesis/area_sys.rtlbb.v
   Spice:   /home/marlon/Escritorio/Protecto_part2_micro/src/perf_sys/synthesis/area_sys.spc

Running blif2Verilog.
Running blif2BSpice.
Placement script ended on jue 15 jul 20:00:15 CST 2021
