#! /usr/bin/vvp
:ivl_version "10.3 (stable)";
:ivl_delay_selection "TYPICAL";
:vpi_time_precision + 0;
:vpi_module "system";
:vpi_module "vhdl_sys";
:vpi_module "v2005_math";
:vpi_module "va_math";
S_0x559817d995a0 .scope module, "micro_ucr_hash" "micro_ucr_hash" 2 5;
 .timescale 0 0;
    .port_info 0 /INPUT 1 "clk"
    .port_info 1 /INPUT 1 "reset"
    .port_info 2 /INPUT 1 "ready"
    .port_info 3 /INPUT 8 "array_numbers0"
    .port_info 4 /INPUT 8 "array_numbers1"
    .port_info 5 /INPUT 8 "array_numbers2"
    .port_info 6 /INPUT 8 "array_numbers3"
    .port_info 7 /INPUT 8 "array_numbers4"
    .port_info 8 /INPUT 8 "array_numbers5"
    .port_info 9 /INPUT 8 "array_numbers6"
    .port_info 10 /INPUT 8 "array_numbers7"
    .port_info 11 /INPUT 8 "array_numbers8"
    .port_info 12 /INPUT 8 "array_numbers9"
    .port_info 13 /INPUT 8 "array_numbers10"
    .port_info 14 /INPUT 8 "array_numbers11"
    .port_info 15 /INPUT 8 "array_numbers12"
    .port_info 16 /INPUT 8 "array_numbers13"
    .port_info 17 /INPUT 8 "array_numbers14"
    .port_info 18 /INPUT 8 "array_numbers15"
    .port_info 19 /OUTPUT 8 "hash_array0"
    .port_info 20 /OUTPUT 8 "hash_array1"
    .port_info 21 /OUTPUT 8 "hash_array2"
o0x7fe5fc554378 .functor BUFZ 8, C4<zzzzzzzz>; HiZ drive
v0x559817dbc870_0 .net "array_numbers0", 7 0, o0x7fe5fc554378;  0 drivers
o0x7fe5fc5543a8 .functor BUFZ 8, C4<zzzzzzzz>; HiZ drive
v0x559817dbc9a0_0 .net "array_numbers1", 7 0, o0x7fe5fc5543a8;  0 drivers
o0x7fe5fc5543d8 .functor BUFZ 8, C4<zzzzzzzz>; HiZ drive
v0x559817dbcab0_0 .net "array_numbers10", 7 0, o0x7fe5fc5543d8;  0 drivers
o0x7fe5fc554408 .functor BUFZ 8, C4<zzzzzzzz>; HiZ drive
v0x559817dbcba0_0 .net "array_numbers11", 7 0, o0x7fe5fc554408;  0 drivers
o0x7fe5fc554438 .functor BUFZ 8, C4<zzzzzzzz>; HiZ drive
v0x559817dbccb0_0 .net "array_numbers12", 7 0, o0x7fe5fc554438;  0 drivers
o0x7fe5fc554468 .functor BUFZ 8, C4<zzzzzzzz>; HiZ drive
v0x559817dbce10_0 .net "array_numbers13", 7 0, o0x7fe5fc554468;  0 drivers
o0x7fe5fc554498 .functor BUFZ 8, C4<zzzzzzzz>; HiZ drive
v0x559817dbcf20_0 .net "array_numbers14", 7 0, o0x7fe5fc554498;  0 drivers
o0x7fe5fc5544c8 .functor BUFZ 8, C4<zzzzzzzz>; HiZ drive
v0x559817dbd030_0 .net "array_numbers15", 7 0, o0x7fe5fc5544c8;  0 drivers
o0x7fe5fc5544f8 .functor BUFZ 8, C4<zzzzzzzz>; HiZ drive
v0x559817dbd140_0 .net "array_numbers2", 7 0, o0x7fe5fc5544f8;  0 drivers
o0x7fe5fc554528 .functor BUFZ 8, C4<zzzzzzzz>; HiZ drive
v0x559817dbd290_0 .net "array_numbers3", 7 0, o0x7fe5fc554528;  0 drivers
o0x7fe5fc554558 .functor BUFZ 8, C4<zzzzzzzz>; HiZ drive
v0x559817dbd3a0_0 .net "array_numbers4", 7 0, o0x7fe5fc554558;  0 drivers
o0x7fe5fc554588 .functor BUFZ 8, C4<zzzzzzzz>; HiZ drive
v0x559817dbd4b0_0 .net "array_numbers5", 7 0, o0x7fe5fc554588;  0 drivers
o0x7fe5fc5545b8 .functor BUFZ 8, C4<zzzzzzzz>; HiZ drive
v0x559817dbd5c0_0 .net "array_numbers6", 7 0, o0x7fe5fc5545b8;  0 drivers
o0x7fe5fc5545e8 .functor BUFZ 8, C4<zzzzzzzz>; HiZ drive
v0x559817dbd6d0_0 .net "array_numbers7", 7 0, o0x7fe5fc5545e8;  0 drivers
o0x7fe5fc554618 .functor BUFZ 8, C4<zzzzzzzz>; HiZ drive
v0x559817dbd7e0_0 .net "array_numbers8", 7 0, o0x7fe5fc554618;  0 drivers
o0x7fe5fc554648 .functor BUFZ 8, C4<zzzzzzzz>; HiZ drive
v0x559817dbd8f0_0 .net "array_numbers9", 7 0, o0x7fe5fc554648;  0 drivers
v0x559817dbda00_0 .net "bus_abc", 23 0, v0x559817db9880_0;  1 drivers
v0x559817dbdbd0_0 .net "bus_abc_log", 23 0, v0x559817dba750_0;  1 drivers
v0x559817dbdce0_0 .net "bus_abc_log2", 23 0, v0x559817db9ff0_0;  1 drivers
v0x559817dbddf0_0 .net "bus_w2", 127 0, v0x559817dbc560_0;  1 drivers
v0x559817dbdf00_0 .net "bus_w2_log", 127 0, v0x559817dbbbb0_0;  1 drivers
o0x7fe5fc554018 .functor BUFZ 1, C4<z>; HiZ drive
v0x559817dbdfc0_0 .net "clk", 0 0, o0x7fe5fc554018;  0 drivers
v0x559817dbe060_0 .net "counter", 4 0, v0x559817d92f60_0;  1 drivers
v0x559817dbe120_0 .net "hash_array0", 7 0, v0x559817db79c0_0;  1 drivers
v0x559817dbe1e0_0 .net "hash_array1", 7 0, v0x559817db7a80_0;  1 drivers
v0x559817dbe280_0 .net "hash_array2", 7 0, v0x559817db7b40_0;  1 drivers
o0x7fe5fc554078 .functor BUFZ 1, C4<z>; HiZ drive
v0x559817dbe320_0 .net "ready", 0 0, o0x7fe5fc554078;  0 drivers
o0x7fe5fc5540a8 .functor BUFZ 1, C4<z>; HiZ drive
v0x559817dbe3c0_0 .net "reset", 0 0, o0x7fe5fc5540a8;  0 drivers
S_0x559817d7cda0 .scope module, "counter_inst" "couter" 2 118, 3 5 0, S_0x559817d995a0;
 .timescale 0 0;
    .port_info 0 /INPUT 1 "clk"
    .port_info 1 /INPUT 1 "reset"
    .port_info 2 /INPUT 1 "ready"
    .port_info 3 /OUTPUT 5 "out_cont"
v0x559817d94bc0_0 .net "clk", 0 0, o0x7fe5fc554018;  alias, 0 drivers
v0x559817d92f60_0 .var "out_cont", 4 0;
v0x559817d92580_0 .net "ready", 0 0, o0x7fe5fc554078;  alias, 0 drivers
v0x559817d54c10_0 .net "reset", 0 0, o0x7fe5fc5540a8;  alias, 0 drivers
E_0x559817d19690 .event posedge, v0x559817d94bc0_0;
S_0x559817db7420 .scope module, "final_sum_ints" "final_sum" 2 41, 3 290 0, S_0x559817d995a0;
 .timescale 0 0;
    .port_info 0 /INPUT 5 "counter"
    .port_info 1 /INPUT 24 "out_logic_final"
    .port_info 2 /OUTPUT 8 "out_hash0"
    .port_info 3 /OUTPUT 8 "out_hash1"
    .port_info 4 /OUTPUT 8 "out_hash2"
P_0x559817db7610 .param/l "H0" 0 3 300, C4<00000001>;
P_0x559817db7650 .param/l "H1" 0 3 301, C4<10001001>;
P_0x559817db7690 .param/l "H2" 0 3 302, C4<11111110>;
v0x559817db78e0_0 .net "counter", 4 0, v0x559817d92f60_0;  alias, 1 drivers
v0x559817db79c0_0 .var "out_hash0", 7 0;
v0x559817db7a80_0 .var "out_hash1", 7 0;
v0x559817db7b40_0 .var "out_hash2", 7 0;
v0x559817db7c20_0 .net "out_logic_final", 23 0, v0x559817db9880_0;  alias, 1 drivers
E_0x559817d4e740 .event edge, v0x559817d92f60_0, v0x559817db7c20_0, v0x559817db79c0_0, v0x559817db7a80_0;
S_0x559817db7df0 .scope module, "logic_abc_ints" "logic_abc" 2 50, 3 177 0, S_0x559817d995a0;
 .timescale 0 0;
    .port_info 0 /INPUT 1 "clk"
    .port_info 1 /INPUT 5 "counter"
    .port_info 2 /INPUT 24 "imput_abc_logic"
    .port_info 3 /INPUT 8 "array_numbers0"
    .port_info 4 /INPUT 8 "array_numbers1"
    .port_info 5 /INPUT 8 "array_numbers2"
    .port_info 6 /INPUT 8 "array_numbers3"
    .port_info 7 /INPUT 8 "array_numbers4"
    .port_info 8 /INPUT 8 "array_numbers5"
    .port_info 9 /INPUT 8 "array_numbers6"
    .port_info 10 /INPUT 8 "array_numbers7"
    .port_info 11 /INPUT 8 "array_numbers8"
    .port_info 12 /INPUT 8 "array_numbers9"
    .port_info 13 /INPUT 8 "array_numbers10"
    .port_info 14 /INPUT 8 "array_numbers11"
    .port_info 15 /INPUT 8 "array_numbers12"
    .port_info 16 /INPUT 8 "array_numbers13"
    .port_info 17 /INPUT 8 "array_numbers14"
    .port_info 18 /INPUT 8 "array_numbers15"
    .port_info 19 /INPUT 128 "imput_W2_logic"
    .port_info 20 /OUTPUT 24 "out_logic_final"
P_0x559817d95240 .param/l "k1" 0 3 210, C4<10011001>;
P_0x559817d95280 .param/l "k2" 0 3 211, C4<10100001>;
v0x559817db82f0_0 .var "a", 7 0;
v0x559817db83f0_0 .net "array_numbers0", 7 0, o0x7fe5fc554378;  alias, 0 drivers
v0x559817db84d0_0 .net "array_numbers1", 7 0, o0x7fe5fc5543a8;  alias, 0 drivers
v0x559817db8590_0 .net "array_numbers10", 7 0, o0x7fe5fc5543d8;  alias, 0 drivers
v0x559817db8670_0 .net "array_numbers11", 7 0, o0x7fe5fc554408;  alias, 0 drivers
v0x559817db87a0_0 .net "array_numbers12", 7 0, o0x7fe5fc554438;  alias, 0 drivers
v0x559817db8880_0 .net "array_numbers13", 7 0, o0x7fe5fc554468;  alias, 0 drivers
v0x559817db8960_0 .net "array_numbers14", 7 0, o0x7fe5fc554498;  alias, 0 drivers
v0x559817db8a40_0 .net "array_numbers15", 7 0, o0x7fe5fc5544c8;  alias, 0 drivers
v0x559817db8bb0_0 .net "array_numbers2", 7 0, o0x7fe5fc5544f8;  alias, 0 drivers
v0x559817db8c90_0 .net "array_numbers3", 7 0, o0x7fe5fc554528;  alias, 0 drivers
v0x559817db8d70_0 .net "array_numbers4", 7 0, o0x7fe5fc554558;  alias, 0 drivers
v0x559817db8e50_0 .net "array_numbers5", 7 0, o0x7fe5fc554588;  alias, 0 drivers
v0x559817db8f30_0 .net "array_numbers6", 7 0, o0x7fe5fc5545b8;  alias, 0 drivers
v0x559817db9010_0 .net "array_numbers7", 7 0, o0x7fe5fc5545e8;  alias, 0 drivers
v0x559817db90f0_0 .net "array_numbers8", 7 0, o0x7fe5fc554618;  alias, 0 drivers
v0x559817db91d0_0 .net "array_numbers9", 7 0, o0x7fe5fc554648;  alias, 0 drivers
v0x559817db93c0_0 .var "b", 15 8;
v0x559817db94a0_0 .var "c", 23 16;
v0x559817db9580_0 .net "clk", 0 0, o0x7fe5fc554018;  alias, 0 drivers
v0x559817db9620_0 .net "counter", 4 0, v0x559817d92f60_0;  alias, 1 drivers
v0x559817db96c0_0 .net "imput_W2_logic", 127 0, v0x559817dbbbb0_0;  alias, 1 drivers
v0x559817db97a0_0 .net "imput_abc_logic", 23 0, v0x559817db9ff0_0;  alias, 1 drivers
v0x559817db9880_0 .var "out_logic_final", 23 0;
E_0x559817d19ad0 .event edge, v0x559817db97a0_0;
S_0x559817db9bc0 .scope module, "mem_abc_ints" "mem_abc" 2 75, 3 156 0, S_0x559817d995a0;
 .timescale 0 0;
    .port_info 0 /INPUT 1 "clk"
    .port_info 1 /INPUT 24 "imput_abc_mem"
    .port_info 2 /OUTPUT 24 "out_abc_mem"
v0x559817db9e00_0 .net "clk", 0 0, o0x7fe5fc554018;  alias, 0 drivers
v0x559817db9f10_0 .net "imput_abc_mem", 23 0, v0x559817dba750_0;  alias, 1 drivers
v0x559817db9ff0_0 .var "out_abc_mem", 23 0;
S_0x559817dba120 .scope module, "mux_ints" "mux" 2 81, 3 123 0, S_0x559817d995a0;
 .timescale 0 0;
    .port_info 0 /INPUT 1 "clk"
    .port_info 1 /INPUT 1 "ready"
    .port_info 2 /INPUT 24 "imput_abc"
    .port_info 3 /OUTPUT 24 "out_abc"
P_0x559817dba340 .param/l "H0" 0 3 133, C4<00000001>;
P_0x559817dba380 .param/l "H1" 0 3 134, C4<10001001>;
P_0x559817dba3c0 .param/l "H2" 0 3 135, C4<11111110>;
v0x559817dba580_0 .net "clk", 0 0, o0x7fe5fc554018;  alias, 0 drivers
v0x559817dba640_0 .net "imput_abc", 23 0, v0x559817db9880_0;  alias, 1 drivers
v0x559817dba750_0 .var "out_abc", 23 0;
v0x559817dba820_0 .net "ready", 0 0, o0x7fe5fc554078;  alias, 0 drivers
E_0x559817d198d0 .event edge, v0x559817d92580_0, v0x559817db7c20_0;
S_0x559817dba960 .scope module, "vec_w1_ints" "vec_w1" 2 96, 3 34 0, S_0x559817d995a0;
 .timescale 0 0;
    .port_info 0 /INPUT 1 "reset"
    .port_info 1 /INPUT 8 "array_numbers0"
    .port_info 2 /INPUT 8 "array_numbers1"
    .port_info 3 /INPUT 8 "array_numbers2"
    .port_info 4 /INPUT 8 "array_numbers3"
    .port_info 5 /INPUT 8 "array_numbers4"
    .port_info 6 /INPUT 8 "array_numbers5"
    .port_info 7 /INPUT 8 "array_numbers6"
    .port_info 8 /INPUT 8 "array_numbers7"
    .port_info 9 /INPUT 8 "array_numbers8"
    .port_info 10 /INPUT 8 "array_numbers9"
    .port_info 11 /INPUT 8 "array_numbers10"
    .port_info 12 /INPUT 8 "array_numbers11"
    .port_info 13 /INPUT 8 "array_numbers12"
    .port_info 14 /INPUT 8 "array_numbers13"
    .port_info 15 /INPUT 8 "array_numbers14"
    .port_info 16 /INPUT 8 "array_numbers15"
    .port_info 17 /INPUT 128 "out_mem_w2"
    .port_info 18 /OUTPUT 128 "out_W2"
v0x559817dbae50_0 .net "array_numbers0", 7 0, o0x7fe5fc554378;  alias, 0 drivers
v0x559817dbaf30_0 .net "array_numbers1", 7 0, o0x7fe5fc5543a8;  alias, 0 drivers
v0x559817dbb000_0 .net "array_numbers10", 7 0, o0x7fe5fc5543d8;  alias, 0 drivers
v0x559817dbb100_0 .net "array_numbers11", 7 0, o0x7fe5fc554408;  alias, 0 drivers
v0x559817dbb1d0_0 .net "array_numbers12", 7 0, o0x7fe5fc554438;  alias, 0 drivers
v0x559817dbb2c0_0 .net "array_numbers13", 7 0, o0x7fe5fc554468;  alias, 0 drivers
v0x559817dbb390_0 .net "array_numbers14", 7 0, o0x7fe5fc554498;  alias, 0 drivers
v0x559817dbb460_0 .net "array_numbers15", 7 0, o0x7fe5fc5544c8;  alias, 0 drivers
v0x559817dbb530_0 .net "array_numbers2", 7 0, o0x7fe5fc5544f8;  alias, 0 drivers
v0x559817dbb600_0 .net "array_numbers3", 7 0, o0x7fe5fc554528;  alias, 0 drivers
v0x559817dbb6d0_0 .net "array_numbers4", 7 0, o0x7fe5fc554558;  alias, 0 drivers
v0x559817dbb7a0_0 .net "array_numbers5", 7 0, o0x7fe5fc554588;  alias, 0 drivers
v0x559817dbb870_0 .net "array_numbers6", 7 0, o0x7fe5fc5545b8;  alias, 0 drivers
v0x559817dbb940_0 .net "array_numbers7", 7 0, o0x7fe5fc5545e8;  alias, 0 drivers
v0x559817dbba10_0 .net "array_numbers8", 7 0, o0x7fe5fc554618;  alias, 0 drivers
v0x559817dbbae0_0 .net "array_numbers9", 7 0, o0x7fe5fc554648;  alias, 0 drivers
v0x559817dbbbb0_0 .var "out_W2", 127 0;
v0x559817dbbd90_0 .net "out_mem_w2", 127 0, v0x559817dbc560_0;  alias, 1 drivers
v0x559817dbbe30_0 .net "reset", 0 0, o0x7fe5fc5540a8;  alias, 0 drivers
E_0x559817d9a3d0/0 .event edge, v0x559817d54c10_0, v0x559817db8880_0, v0x559817db9010_0, v0x559817db8bb0_0;
E_0x559817d9a3d0/1 .event edge, v0x559817db8960_0, v0x559817db90f0_0, v0x559817db8c90_0, v0x559817db8a40_0;
E_0x559817d9a3d0/2 .event edge, v0x559817db91d0_0, v0x559817db8d70_0, v0x559817dbbd90_0, v0x559817db8590_0;
E_0x559817d9a3d0/3 .event edge, v0x559817db8e50_0, v0x559817db8670_0, v0x559817db8f30_0, v0x559817db87a0_0;
E_0x559817d9a3d0 .event/or E_0x559817d9a3d0/0, E_0x559817d9a3d0/1, E_0x559817d9a3d0/2, E_0x559817d9a3d0/3;
S_0x559817dbc1e0 .scope module, "vec_w2_mem_ints" "vec_w2" 2 88, 3 92 0, S_0x559817d995a0;
 .timescale 0 0;
    .port_info 0 /INPUT 1 "clk"
    .port_info 1 /INPUT 1 "reset"
    .port_info 2 /INPUT 1 "ready"
    .port_info 3 /INPUT 128 "array_w2"
    .port_info 4 /OUTPUT 128 "out_vec_w2"
v0x559817dbab30_0 .net "array_w2", 127 0, v0x559817dbbbb0_0;  alias, 1 drivers
v0x559817dbc4a0_0 .net "clk", 0 0, o0x7fe5fc554018;  alias, 0 drivers
v0x559817dbc560_0 .var "out_vec_w2", 127 0;
v0x559817dbc630_0 .net "ready", 0 0, o0x7fe5fc554078;  alias, 0 drivers
v0x559817dbc6d0_0 .net "reset", 0 0, o0x7fe5fc5540a8;  alias, 0 drivers
    .scope S_0x559817db7420;
T_0 ;
    %wait E_0x559817d4e740;
    %load/vec4 v0x559817db78e0_0;
    %pad/u 32;
    %cmpi/e 31, 0, 32;
    %jmp/0xz  T_0.0, 4;
    %load/vec4 v0x559817db7c20_0;
    %parti/s 8, 0, 2;
    %store/vec4 v0x559817db79c0_0, 0, 8;
    %load/vec4 v0x559817db7c20_0;
    %parti/s 8, 8, 5;
    %store/vec4 v0x559817db7a80_0, 0, 8;
    %load/vec4 v0x559817db7c20_0;
    %parti/s 8, 16, 6;
    %store/vec4 v0x559817db7b40_0, 0, 8;
    %jmp T_0.1;
T_0.0 ;
    %load/vec4 v0x559817db79c0_0;
    %store/vec4 v0x559817db79c0_0, 0, 8;
    %load/vec4 v0x559817db7a80_0;
    %store/vec4 v0x559817db7a80_0, 0, 8;
    %load/vec4 v0x559817db7a80_0;
    %store/vec4 v0x559817db7b40_0, 0, 8;
T_0.1 ;
    %jmp T_0;
    .thread T_0, $push;
    .scope S_0x559817db7df0;
T_1 ;
    %wait E_0x559817d19ad0;
    %load/vec4 v0x559817db97a0_0;
    %parti/s 8, 0, 2;
    %store/vec4 v0x559817db82f0_0, 0, 8;
    %load/vec4 v0x559817db97a0_0;
    %parti/s 8, 8, 5;
    %store/vec4 v0x559817db93c0_0, 0, 8;
    %load/vec4 v0x559817db97a0_0;
    %parti/s 8, 16, 6;
    %store/vec4 v0x559817db94a0_0, 0, 8;
    %jmp T_1;
    .thread T_1, $push;
    .scope S_0x559817db7df0;
T_2 ;
    %wait E_0x559817d19690;
    %load/vec4 v0x559817db9620_0;
    %pad/u 32;
    %cmpi/u 15, 0, 32;
    %flag_or 5, 4;
    %jmp/0xz  T_2.0, 5;
    %load/vec4 v0x559817db93c0_0;
    %load/vec4 v0x559817db94a0_0;
    %xor;
    %ix/load 4, 0, 0;
    %ix/load 5, 0, 0;
    %flag_set/imm 4, 0;
    %assign/vec4/off/d v0x559817db9880_0, 4, 5;
    %load/vec4 v0x559817db94a0_0;
    %ix/load 4, 4, 0;
    %flag_set/imm 4, 0;
    %shiftl 4;
    %ix/load 4, 8, 0;
    %ix/load 5, 0, 0;
    %flag_set/imm 4, 0;
    %assign/vec4/off/d v0x559817db9880_0, 4, 5;
    %load/vec4 v0x559817db9620_0;
    %pad/u 32;
    %cmpi/e 0, 0, 32;
    %jmp/0xz  T_2.2, 4;
    %load/vec4 v0x559817db82f0_0;
    %load/vec4 v0x559817db93c0_0;
    %xor;
    %addi 153, 0, 8;
    %load/vec4 v0x559817db83f0_0;
    %add;
    %ix/load 4, 16, 0;
    %ix/load 5, 0, 0;
    %flag_set/imm 4, 0;
    %assign/vec4/off/d v0x559817db9880_0, 4, 5;
T_2.2 ;
    %load/vec4 v0x559817db9620_0;
    %pad/u 32;
    %cmpi/e 1, 0, 32;
    %jmp/0xz  T_2.4, 4;
    %load/vec4 v0x559817db82f0_0;
    %load/vec4 v0x559817db93c0_0;
    %xor;
    %addi 153, 0, 8;
    %load/vec4 v0x559817db84d0_0;
    %add;
    %ix/load 4, 16, 0;
    %ix/load 5, 0, 0;
    %flag_set/imm 4, 0;
    %assign/vec4/off/d v0x559817db9880_0, 4, 5;
T_2.4 ;
    %load/vec4 v0x559817db9620_0;
    %pad/u 32;
    %cmpi/e 2, 0, 32;
    %jmp/0xz  T_2.6, 4;
    %load/vec4 v0x559817db82f0_0;
    %load/vec4 v0x559817db93c0_0;
    %xor;
    %addi 153, 0, 8;
    %load/vec4 v0x559817db8bb0_0;
    %add;
    %ix/load 4, 16, 0;
    %ix/load 5, 0, 0;
    %flag_set/imm 4, 0;
    %assign/vec4/off/d v0x559817db9880_0, 4, 5;
T_2.6 ;
    %load/vec4 v0x559817db9620_0;
    %pad/u 32;
    %cmpi/e 3, 0, 32;
    %jmp/0xz  T_2.8, 4;
    %load/vec4 v0x559817db82f0_0;
    %load/vec4 v0x559817db93c0_0;
    %xor;
    %addi 153, 0, 8;
    %load/vec4 v0x559817db8c90_0;
    %add;
    %ix/load 4, 16, 0;
    %ix/load 5, 0, 0;
    %flag_set/imm 4, 0;
    %assign/vec4/off/d v0x559817db9880_0, 4, 5;
T_2.8 ;
    %load/vec4 v0x559817db9620_0;
    %pad/u 32;
    %cmpi/e 4, 0, 32;
    %jmp/0xz  T_2.10, 4;
    %load/vec4 v0x559817db82f0_0;
    %load/vec4 v0x559817db93c0_0;
    %xor;
    %addi 153, 0, 8;
    %load/vec4 v0x559817db8d70_0;
    %add;
    %ix/load 4, 16, 0;
    %ix/load 5, 0, 0;
    %flag_set/imm 4, 0;
    %assign/vec4/off/d v0x559817db9880_0, 4, 5;
T_2.10 ;
    %load/vec4 v0x559817db9620_0;
    %pad/u 32;
    %cmpi/e 5, 0, 32;
    %jmp/0xz  T_2.12, 4;
    %load/vec4 v0x559817db82f0_0;
    %load/vec4 v0x559817db93c0_0;
    %xor;
    %addi 153, 0, 8;
    %load/vec4 v0x559817db8e50_0;
    %add;
    %ix/load 4, 16, 0;
    %ix/load 5, 0, 0;
    %flag_set/imm 4, 0;
    %assign/vec4/off/d v0x559817db9880_0, 4, 5;
T_2.12 ;
    %load/vec4 v0x559817db9620_0;
    %pad/u 32;
    %cmpi/e 6, 0, 32;
    %jmp/0xz  T_2.14, 4;
    %load/vec4 v0x559817db82f0_0;
    %load/vec4 v0x559817db93c0_0;
    %xor;
    %addi 153, 0, 8;
    %load/vec4 v0x559817db8f30_0;
    %add;
    %ix/load 4, 16, 0;
    %ix/load 5, 0, 0;
    %flag_set/imm 4, 0;
    %assign/vec4/off/d v0x559817db9880_0, 4, 5;
T_2.14 ;
    %load/vec4 v0x559817db9620_0;
    %pad/u 32;
    %cmpi/e 7, 0, 32;
    %jmp/0xz  T_2.16, 4;
    %load/vec4 v0x559817db82f0_0;
    %load/vec4 v0x559817db93c0_0;
    %xor;
    %addi 153, 0, 8;
    %load/vec4 v0x559817db9010_0;
    %add;
    %ix/load 4, 16, 0;
    %ix/load 5, 0, 0;
    %flag_set/imm 4, 0;
    %assign/vec4/off/d v0x559817db9880_0, 4, 5;
T_2.16 ;
    %load/vec4 v0x559817db9620_0;
    %pad/u 32;
    %cmpi/e 8, 0, 32;
    %jmp/0xz  T_2.18, 4;
    %load/vec4 v0x559817db82f0_0;
    %load/vec4 v0x559817db93c0_0;
    %xor;
    %addi 153, 0, 8;
    %load/vec4 v0x559817db90f0_0;
    %add;
    %ix/load 4, 16, 0;
    %ix/load 5, 0, 0;
    %flag_set/imm 4, 0;
    %assign/vec4/off/d v0x559817db9880_0, 4, 5;
T_2.18 ;
    %load/vec4 v0x559817db9620_0;
    %pad/u 32;
    %cmpi/e 9, 0, 32;
    %jmp/0xz  T_2.20, 4;
    %load/vec4 v0x559817db82f0_0;
    %load/vec4 v0x559817db93c0_0;
    %xor;
    %addi 153, 0, 8;
    %load/vec4 v0x559817db91d0_0;
    %add;
    %ix/load 4, 16, 0;
    %ix/load 5, 0, 0;
    %flag_set/imm 4, 0;
    %assign/vec4/off/d v0x559817db9880_0, 4, 5;
T_2.20 ;
    %load/vec4 v0x559817db9620_0;
    %pad/u 32;
    %cmpi/e 10, 0, 32;
    %jmp/0xz  T_2.22, 4;
    %load/vec4 v0x559817db82f0_0;
    %load/vec4 v0x559817db93c0_0;
    %xor;
    %addi 153, 0, 8;
    %load/vec4 v0x559817db8590_0;
    %add;
    %ix/load 4, 16, 0;
    %ix/load 5, 0, 0;
    %flag_set/imm 4, 0;
    %assign/vec4/off/d v0x559817db9880_0, 4, 5;
T_2.22 ;
    %load/vec4 v0x559817db9620_0;
    %pad/u 32;
    %cmpi/e 11, 0, 32;
    %jmp/0xz  T_2.24, 4;
    %load/vec4 v0x559817db82f0_0;
    %load/vec4 v0x559817db93c0_0;
    %xor;
    %addi 153, 0, 8;
    %load/vec4 v0x559817db8670_0;
    %add;
    %ix/load 4, 16, 0;
    %ix/load 5, 0, 0;
    %flag_set/imm 4, 0;
    %assign/vec4/off/d v0x559817db9880_0, 4, 5;
T_2.24 ;
    %load/vec4 v0x559817db9620_0;
    %pad/u 32;
    %cmpi/e 12, 0, 32;
    %jmp/0xz  T_2.26, 4;
    %load/vec4 v0x559817db82f0_0;
    %load/vec4 v0x559817db93c0_0;
    %xor;
    %addi 153, 0, 8;
    %load/vec4 v0x559817db87a0_0;
    %add;
    %ix/load 4, 16, 0;
    %ix/load 5, 0, 0;
    %flag_set/imm 4, 0;
    %assign/vec4/off/d v0x559817db9880_0, 4, 5;
T_2.26 ;
    %load/vec4 v0x559817db9620_0;
    %pad/u 32;
    %cmpi/e 13, 0, 32;
    %jmp/0xz  T_2.28, 4;
    %load/vec4 v0x559817db82f0_0;
    %load/vec4 v0x559817db93c0_0;
    %xor;
    %addi 153, 0, 8;
    %load/vec4 v0x559817db8880_0;
    %add;
    %ix/load 4, 16, 0;
    %ix/load 5, 0, 0;
    %flag_set/imm 4, 0;
    %assign/vec4/off/d v0x559817db9880_0, 4, 5;
T_2.28 ;
    %load/vec4 v0x559817db9620_0;
    %pad/u 32;
    %cmpi/e 14, 0, 32;
    %jmp/0xz  T_2.30, 4;
    %load/vec4 v0x559817db82f0_0;
    %load/vec4 v0x559817db93c0_0;
    %xor;
    %addi 153, 0, 8;
    %load/vec4 v0x559817db8960_0;
    %add;
    %ix/load 4, 16, 0;
    %ix/load 5, 0, 0;
    %flag_set/imm 4, 0;
    %assign/vec4/off/d v0x559817db9880_0, 4, 5;
T_2.30 ;
    %load/vec4 v0x559817db9620_0;
    %pad/u 32;
    %cmpi/e 15, 0, 32;
    %jmp/0xz  T_2.32, 4;
    %load/vec4 v0x559817db82f0_0;
    %load/vec4 v0x559817db93c0_0;
    %xor;
    %addi 153, 0, 8;
    %load/vec4 v0x559817db8a40_0;
    %add;
    %ix/load 4, 16, 0;
    %ix/load 5, 0, 0;
    %flag_set/imm 4, 0;
    %assign/vec4/off/d v0x559817db9880_0, 4, 5;
T_2.32 ;
    %jmp T_2.1;
T_2.0 ;
    %load/vec4 v0x559817db9620_0;
    %pad/u 32;
    %cmpi/e 16, 0, 32;
    %jmp/0xz  T_2.34, 4;
    %load/vec4 v0x559817db93c0_0;
    %load/vec4 v0x559817db94a0_0;
    %xor;
    %ix/load 4, 0, 0;
    %flag_set/imm 4, 0;
    %store/vec4 v0x559817db9880_0, 4, 8;
    %load/vec4 v0x559817db94a0_0;
    %ix/load 4, 4, 0;
    %flag_set/imm 4, 0;
    %shiftl 4;
    %ix/load 4, 8, 0;
    %flag_set/imm 4, 0;
    %store/vec4 v0x559817db9880_0, 4, 8;
    %load/vec4 v0x559817db82f0_0;
    %load/vec4 v0x559817db93c0_0;
    %xor;
    %addi 153, 0, 8;
    %load/vec4 v0x559817db96c0_0;
    %parti/s 8, 0, 2;
    %add;
    %ix/load 4, 16, 0;
    %flag_set/imm 4, 0;
    %store/vec4 v0x559817db9880_0, 4, 8;
    %jmp T_2.35;
T_2.34 ;
    %pushi/vec4 17, 0, 32;
    %load/vec4 v0x559817db9620_0;
    %pad/u 32;
    %cmp/u;
    %flag_get/vec4 4;
    %flag_get/vec4 5;
    %or;
    %load/vec4 v0x559817db9620_0;
    %pad/u 32;
    %cmpi/u 31, 0, 32;
    %flag_get/vec4 4;
    %flag_get/vec4 5;
    %or;
    %and;
    %flag_set/vec4 8;
    %jmp/0xz  T_2.36, 8;
    %load/vec4 v0x559817db93c0_0;
    %load/vec4 v0x559817db94a0_0;
    %xor;
    %ix/load 4, 0, 0;
    %ix/load 5, 0, 0;
    %flag_set/imm 4, 0;
    %assign/vec4/off/d v0x559817db9880_0, 4, 5;
    %load/vec4 v0x559817db94a0_0;
    %ix/load 4, 4, 0;
    %flag_set/imm 4, 0;
    %shiftl 4;
    %ix/load 4, 8, 0;
    %ix/load 5, 0, 0;
    %flag_set/imm 4, 0;
    %assign/vec4/off/d v0x559817db9880_0, 4, 5;
    %load/vec4 v0x559817db9620_0;
    %pad/u 32;
    %cmpi/e 17, 0, 32;
    %jmp/0xz  T_2.38, 4;
    %load/vec4 v0x559817db82f0_0;
    %load/vec4 v0x559817db93c0_0;
    %or;
    %addi 161, 0, 8;
    %load/vec4 v0x559817db96c0_0;
    %parti/s 8, 8, 5;
    %add;
    %ix/load 4, 16, 0;
    %ix/load 5, 0, 0;
    %flag_set/imm 4, 0;
    %assign/vec4/off/d v0x559817db9880_0, 4, 5;
T_2.38 ;
    %load/vec4 v0x559817db9620_0;
    %pad/u 32;
    %cmpi/e 18, 0, 32;
    %jmp/0xz  T_2.40, 4;
    %load/vec4 v0x559817db82f0_0;
    %load/vec4 v0x559817db93c0_0;
    %or;
    %addi 161, 0, 8;
    %load/vec4 v0x559817db96c0_0;
    %parti/s 8, 16, 6;
    %add;
    %ix/load 4, 16, 0;
    %ix/load 5, 0, 0;
    %flag_set/imm 4, 0;
    %assign/vec4/off/d v0x559817db9880_0, 4, 5;
T_2.40 ;
    %load/vec4 v0x559817db9620_0;
    %pad/u 32;
    %cmpi/e 19, 0, 32;
    %jmp/0xz  T_2.42, 4;
    %load/vec4 v0x559817db82f0_0;
    %load/vec4 v0x559817db93c0_0;
    %or;
    %addi 161, 0, 8;
    %load/vec4 v0x559817db96c0_0;
    %parti/s 8, 24, 6;
    %add;
    %ix/load 4, 16, 0;
    %ix/load 5, 0, 0;
    %flag_set/imm 4, 0;
    %assign/vec4/off/d v0x559817db9880_0, 4, 5;
T_2.42 ;
    %load/vec4 v0x559817db9620_0;
    %pad/u 32;
    %cmpi/e 20, 0, 32;
    %jmp/0xz  T_2.44, 4;
    %load/vec4 v0x559817db82f0_0;
    %load/vec4 v0x559817db93c0_0;
    %or;
    %addi 161, 0, 8;
    %load/vec4 v0x559817db96c0_0;
    %parti/s 8, 32, 7;
    %add;
    %ix/load 4, 16, 0;
    %ix/load 5, 0, 0;
    %flag_set/imm 4, 0;
    %assign/vec4/off/d v0x559817db9880_0, 4, 5;
T_2.44 ;
    %load/vec4 v0x559817db9620_0;
    %pad/u 32;
    %cmpi/e 21, 0, 32;
    %jmp/0xz  T_2.46, 4;
    %load/vec4 v0x559817db82f0_0;
    %load/vec4 v0x559817db93c0_0;
    %or;
    %addi 161, 0, 8;
    %load/vec4 v0x559817db96c0_0;
    %parti/s 8, 40, 7;
    %add;
    %ix/load 4, 16, 0;
    %ix/load 5, 0, 0;
    %flag_set/imm 4, 0;
    %assign/vec4/off/d v0x559817db9880_0, 4, 5;
T_2.46 ;
    %load/vec4 v0x559817db9620_0;
    %pad/u 32;
    %cmpi/e 22, 0, 32;
    %jmp/0xz  T_2.48, 4;
    %load/vec4 v0x559817db82f0_0;
    %load/vec4 v0x559817db93c0_0;
    %or;
    %addi 161, 0, 8;
    %load/vec4 v0x559817db96c0_0;
    %parti/s 8, 48, 7;
    %add;
    %ix/load 4, 16, 0;
    %ix/load 5, 0, 0;
    %flag_set/imm 4, 0;
    %assign/vec4/off/d v0x559817db9880_0, 4, 5;
T_2.48 ;
    %load/vec4 v0x559817db9620_0;
    %pad/u 32;
    %cmpi/e 23, 0, 32;
    %jmp/0xz  T_2.50, 4;
    %load/vec4 v0x559817db82f0_0;
    %load/vec4 v0x559817db93c0_0;
    %or;
    %addi 161, 0, 8;
    %load/vec4 v0x559817db96c0_0;
    %parti/s 8, 56, 7;
    %add;
    %ix/load 4, 16, 0;
    %ix/load 5, 0, 0;
    %flag_set/imm 4, 0;
    %assign/vec4/off/d v0x559817db9880_0, 4, 5;
T_2.50 ;
    %load/vec4 v0x559817db9620_0;
    %pad/u 32;
    %cmpi/e 24, 0, 32;
    %jmp/0xz  T_2.52, 4;
    %load/vec4 v0x559817db82f0_0;
    %load/vec4 v0x559817db93c0_0;
    %or;
    %addi 161, 0, 8;
    %load/vec4 v0x559817db96c0_0;
    %parti/s 8, 64, 8;
    %add;
    %ix/load 4, 16, 0;
    %ix/load 5, 0, 0;
    %flag_set/imm 4, 0;
    %assign/vec4/off/d v0x559817db9880_0, 4, 5;
T_2.52 ;
    %load/vec4 v0x559817db9620_0;
    %pad/u 32;
    %cmpi/e 25, 0, 32;
    %jmp/0xz  T_2.54, 4;
    %load/vec4 v0x559817db82f0_0;
    %load/vec4 v0x559817db93c0_0;
    %or;
    %addi 161, 0, 8;
    %load/vec4 v0x559817db96c0_0;
    %parti/s 8, 72, 8;
    %add;
    %ix/load 4, 16, 0;
    %ix/load 5, 0, 0;
    %flag_set/imm 4, 0;
    %assign/vec4/off/d v0x559817db9880_0, 4, 5;
T_2.54 ;
    %load/vec4 v0x559817db9620_0;
    %pad/u 32;
    %cmpi/e 26, 0, 32;
    %jmp/0xz  T_2.56, 4;
    %load/vec4 v0x559817db82f0_0;
    %load/vec4 v0x559817db93c0_0;
    %or;
    %addi 161, 0, 8;
    %load/vec4 v0x559817db96c0_0;
    %parti/s 8, 80, 8;
    %add;
    %ix/load 4, 16, 0;
    %ix/load 5, 0, 0;
    %flag_set/imm 4, 0;
    %assign/vec4/off/d v0x559817db9880_0, 4, 5;
T_2.56 ;
    %load/vec4 v0x559817db9620_0;
    %pad/u 32;
    %cmpi/e 27, 0, 32;
    %jmp/0xz  T_2.58, 4;
    %load/vec4 v0x559817db82f0_0;
    %load/vec4 v0x559817db93c0_0;
    %or;
    %addi 161, 0, 8;
    %load/vec4 v0x559817db96c0_0;
    %parti/s 8, 88, 8;
    %add;
    %ix/load 4, 16, 0;
    %ix/load 5, 0, 0;
    %flag_set/imm 4, 0;
    %assign/vec4/off/d v0x559817db9880_0, 4, 5;
T_2.58 ;
    %load/vec4 v0x559817db9620_0;
    %pad/u 32;
    %cmpi/e 28, 0, 32;
    %jmp/0xz  T_2.60, 4;
    %load/vec4 v0x559817db82f0_0;
    %load/vec4 v0x559817db93c0_0;
    %or;
    %addi 161, 0, 8;
    %load/vec4 v0x559817db96c0_0;
    %parti/s 8, 96, 8;
    %add;
    %ix/load 4, 16, 0;
    %ix/load 5, 0, 0;
    %flag_set/imm 4, 0;
    %assign/vec4/off/d v0x559817db9880_0, 4, 5;
T_2.60 ;
    %load/vec4 v0x559817db9620_0;
    %pad/u 32;
    %cmpi/e 29, 0, 32;
    %jmp/0xz  T_2.62, 4;
    %load/vec4 v0x559817db82f0_0;
    %load/vec4 v0x559817db93c0_0;
    %or;
    %addi 161, 0, 8;
    %load/vec4 v0x559817db96c0_0;
    %parti/s 8, 104, 8;
    %add;
    %ix/load 4, 16, 0;
    %ix/load 5, 0, 0;
    %flag_set/imm 4, 0;
    %assign/vec4/off/d v0x559817db9880_0, 4, 5;
T_2.62 ;
    %load/vec4 v0x559817db9620_0;
    %pad/u 32;
    %cmpi/e 30, 0, 32;
    %jmp/0xz  T_2.64, 4;
    %load/vec4 v0x559817db82f0_0;
    %load/vec4 v0x559817db93c0_0;
    %or;
    %addi 161, 0, 8;
    %load/vec4 v0x559817db96c0_0;
    %parti/s 8, 112, 8;
    %add;
    %ix/load 4, 16, 0;
    %ix/load 5, 0, 0;
    %flag_set/imm 4, 0;
    %assign/vec4/off/d v0x559817db9880_0, 4, 5;
T_2.64 ;
    %load/vec4 v0x559817db9620_0;
    %pad/u 32;
    %cmpi/e 31, 0, 32;
    %jmp/0xz  T_2.66, 4;
    %load/vec4 v0x559817db82f0_0;
    %load/vec4 v0x559817db93c0_0;
    %or;
    %addi 161, 0, 8;
    %load/vec4 v0x559817db96c0_0;
    %parti/s 8, 120, 8;
    %add;
    %ix/load 4, 16, 0;
    %ix/load 5, 0, 0;
    %flag_set/imm 4, 0;
    %assign/vec4/off/d v0x559817db9880_0, 4, 5;
T_2.66 ;
    %jmp T_2.37;
T_2.36 ;
    %load/vec4 v0x559817db9880_0;
    %parti/s 8, 0, 2;
    %ix/load 4, 0, 0;
    %ix/load 5, 0, 0;
    %flag_set/imm 4, 0;
    %assign/vec4/off/d v0x559817db9880_0, 4, 5;
    %load/vec4 v0x559817db9880_0;
    %parti/s 8, 8, 5;
    %ix/load 4, 8, 0;
    %ix/load 5, 0, 0;
    %flag_set/imm 4, 0;
    %assign/vec4/off/d v0x559817db9880_0, 4, 5;
    %load/vec4 v0x559817db9880_0;
    %parti/s 8, 16, 6;
    %ix/load 4, 16, 0;
    %ix/load 5, 0, 0;
    %flag_set/imm 4, 0;
    %assign/vec4/off/d v0x559817db9880_0, 4, 5;
T_2.37 ;
T_2.35 ;
T_2.1 ;
    %jmp T_2;
    .thread T_2;
    .scope S_0x559817db9bc0;
T_3 ;
    %wait E_0x559817d19690;
    %load/vec4 v0x559817db9f10_0;
    %assign/vec4 v0x559817db9ff0_0, 0;
    %jmp T_3;
    .thread T_3;
    .scope S_0x559817dba120;
T_4 ;
    %wait E_0x559817d198d0;
    %load/vec4 v0x559817dba820_0;
    %pad/u 32;
    %cmpi/e 1, 0, 32;
    %jmp/0xz  T_4.0, 4;
    %load/vec4 v0x559817dba640_0;
    %store/vec4 v0x559817dba750_0, 0, 24;
    %jmp T_4.1;
T_4.0 ;
    %pushi/vec4 1, 0, 8;
    %ix/load 4, 0, 0;
    %ix/load 5, 0, 0;
    %flag_set/imm 4, 0;
    %assign/vec4/off/d v0x559817dba750_0, 4, 5;
    %pushi/vec4 137, 0, 8;
    %ix/load 4, 8, 0;
    %ix/load 5, 0, 0;
    %flag_set/imm 4, 0;
    %assign/vec4/off/d v0x559817dba750_0, 4, 5;
    %pushi/vec4 254, 0, 8;
    %ix/load 4, 16, 0;
    %ix/load 5, 0, 0;
    %flag_set/imm 4, 0;
    %assign/vec4/off/d v0x559817dba750_0, 4, 5;
T_4.1 ;
    %jmp T_4;
    .thread T_4, $push;
    .scope S_0x559817dbc1e0;
T_5 ;
    %wait E_0x559817d19690;
    %load/vec4 v0x559817dbc6d0_0;
    %pad/u 32;
    %cmpi/e 1, 0, 32;
    %jmp/0xz  T_5.0, 4;
    %load/vec4 v0x559817dbc630_0;
    %pad/u 32;
    %cmpi/e 1, 0, 32;
    %jmp/0xz  T_5.2, 4;
    %load/vec4 v0x559817dbab30_0;
    %assign/vec4 v0x559817dbc560_0, 0;
    %jmp T_5.3;
T_5.2 ;
    %pushi/vec4 0, 0, 128;
    %assign/vec4 v0x559817dbc560_0, 0;
T_5.3 ;
    %jmp T_5.1;
T_5.0 ;
    %pushi/vec4 0, 0, 128;
    %assign/vec4 v0x559817dbc560_0, 0;
T_5.1 ;
    %jmp T_5;
    .thread T_5;
    .scope S_0x559817dba960;
T_6 ;
    %wait E_0x559817d9a3d0;
    %load/vec4 v0x559817dbbe30_0;
    %pad/u 32;
    %cmpi/e 1, 0, 32;
    %jmp/0xz  T_6.0, 4;
    %load/vec4 v0x559817dbb2c0_0;
    %load/vec4 v0x559817dbb940_0;
    %load/vec4 v0x559817dbb530_0;
    %xor;
    %or;
    %ix/load 4, 0, 0;
    %flag_set/imm 4, 0;
    %store/vec4 v0x559817dbbbb0_0, 4, 8;
    %load/vec4 v0x559817dbb390_0;
    %load/vec4 v0x559817dbba10_0;
    %load/vec4 v0x559817dbb600_0;
    %xor;
    %or;
    %ix/load 4, 8, 0;
    %flag_set/imm 4, 0;
    %store/vec4 v0x559817dbbbb0_0, 4, 8;
    %load/vec4 v0x559817dbb460_0;
    %load/vec4 v0x559817dbbae0_0;
    %load/vec4 v0x559817dbb6d0_0;
    %xor;
    %or;
    %ix/load 4, 16, 0;
    %flag_set/imm 4, 0;
    %store/vec4 v0x559817dbbbb0_0, 4, 8;
    %load/vec4 v0x559817dbbd90_0;
    %parti/s 8, 0, 2;
    %load/vec4 v0x559817dbb000_0;
    %load/vec4 v0x559817dbb7a0_0;
    %xor;
    %or;
    %ix/load 4, 24, 0;
    %flag_set/imm 4, 0;
    %store/vec4 v0x559817dbbbb0_0, 4, 8;
    %load/vec4 v0x559817dbbd90_0;
    %parti/s 8, 8, 5;
    %load/vec4 v0x559817dbb100_0;
    %load/vec4 v0x559817dbb870_0;
    %xor;
    %or;
    %ix/load 4, 32, 0;
    %flag_set/imm 4, 0;
    %store/vec4 v0x559817dbbbb0_0, 4, 8;
    %load/vec4 v0x559817dbbd90_0;
    %parti/s 8, 16, 6;
    %load/vec4 v0x559817dbb1d0_0;
    %load/vec4 v0x559817dbb940_0;
    %xor;
    %or;
    %ix/load 4, 40, 0;
    %flag_set/imm 4, 0;
    %store/vec4 v0x559817dbbbb0_0, 4, 8;
    %load/vec4 v0x559817dbbd90_0;
    %parti/s 8, 24, 6;
    %load/vec4 v0x559817dbb2c0_0;
    %load/vec4 v0x559817dbba10_0;
    %xor;
    %or;
    %ix/load 4, 48, 0;
    %flag_set/imm 4, 0;
    %store/vec4 v0x559817dbbbb0_0, 4, 8;
    %load/vec4 v0x559817dbbd90_0;
    %parti/s 8, 32, 7;
    %load/vec4 v0x559817dbb390_0;
    %load/vec4 v0x559817dbbae0_0;
    %xor;
    %or;
    %ix/load 4, 56, 0;
    %flag_set/imm 4, 0;
    %store/vec4 v0x559817dbbbb0_0, 4, 8;
    %load/vec4 v0x559817dbbd90_0;
    %parti/s 8, 40, 7;
    %load/vec4 v0x559817dbb460_0;
    %load/vec4 v0x559817dbb000_0;
    %xor;
    %or;
    %ix/load 4, 64, 0;
    %flag_set/imm 4, 0;
    %store/vec4 v0x559817dbbbb0_0, 4, 8;
    %load/vec4 v0x559817dbbd90_0;
    %parti/s 8, 48, 7;
    %load/vec4 v0x559817dbbd90_0;
    %parti/s 8, 0, 2;
    %load/vec4 v0x559817dbb100_0;
    %xor;
    %or;
    %ix/load 4, 72, 0;
    %flag_set/imm 4, 0;
    %store/vec4 v0x559817dbbbb0_0, 4, 8;
    %load/vec4 v0x559817dbbd90_0;
    %parti/s 8, 56, 7;
    %load/vec4 v0x559817dbbd90_0;
    %parti/s 8, 8, 5;
    %load/vec4 v0x559817dbb1d0_0;
    %xor;
    %or;
    %ix/load 4, 80, 0;
    %flag_set/imm 4, 0;
    %store/vec4 v0x559817dbbbb0_0, 4, 8;
    %load/vec4 v0x559817dbbd90_0;
    %parti/s 8, 64, 8;
    %load/vec4 v0x559817dbbd90_0;
    %parti/s 8, 16, 6;
    %load/vec4 v0x559817dbb2c0_0;
    %xor;
    %or;
    %ix/load 4, 88, 0;
    %flag_set/imm 4, 0;
    %store/vec4 v0x559817dbbbb0_0, 4, 8;
    %load/vec4 v0x559817dbbd90_0;
    %parti/s 18, 72, 8;
    %load/vec4 v0x559817dbbd90_0;
    %parti/s 8, 24, 6;
    %pad/u 18;
    %load/vec4 v0x559817dbb2c0_0;
    %pad/u 18;
    %xor;
    %or;
    %pad/u 8;
    %ix/load 4, 96, 0;
    %flag_set/imm 4, 0;
    %store/vec4 v0x559817dbbbb0_0, 4, 8;
    %load/vec4 v0x559817dbbd90_0;
    %parti/s 8, 90, 8;
    %load/vec4 v0x559817dbbd90_0;
    %parti/s 8, 32, 7;
    %load/vec4 v0x559817dbb390_0;
    %xor;
    %or;
    %ix/load 4, 104, 0;
    %flag_set/imm 4, 0;
    %store/vec4 v0x559817dbbbb0_0, 4, 8;
    %load/vec4 v0x559817dbbd90_0;
    %parti/s 8, 98, 8;
    %load/vec4 v0x559817dbbd90_0;
    %parti/s 8, 40, 7;
    %load/vec4 v0x559817dbb460_0;
    %xor;
    %or;
    %ix/load 4, 112, 0;
    %flag_set/imm 4, 0;
    %store/vec4 v0x559817dbbbb0_0, 4, 8;
    %load/vec4 v0x559817dbbd90_0;
    %parti/s 8, 106, 8;
    %load/vec4 v0x559817dbbd90_0;
    %parti/s 8, 48, 7;
    %load/vec4 v0x559817dbbd90_0;
    %parti/s 8, 0, 2;
    %xor;
    %or;
    %ix/load 4, 120, 0;
    %flag_set/imm 4, 0;
    %store/vec4 v0x559817dbbbb0_0, 4, 8;
    %jmp T_6.1;
T_6.0 ;
    %pushi/vec4 0, 0, 128;
    %store/vec4 v0x559817dbbbb0_0, 0, 128;
T_6.1 ;
    %jmp T_6;
    .thread T_6, $push;
    .scope S_0x559817d7cda0;
T_7 ;
    %wait E_0x559817d19690;
    %load/vec4 v0x559817d54c10_0;
    %pad/u 32;
    %cmpi/e 1, 0, 32;
    %jmp/0xz  T_7.0, 4;
    %load/vec4 v0x559817d92580_0;
    %pad/u 32;
    %cmpi/e 1, 0, 32;
    %jmp/0xz  T_7.2, 4;
    %load/vec4 v0x559817d92f60_0;
    %pad/u 32;
    %cmpi/u 31, 0, 32;
    %flag_or 5, 4;
    %jmp/0xz  T_7.4, 5;
    %load/vec4 v0x559817d92f60_0;
    %addi 1, 0, 5;
    %assign/vec4 v0x559817d92f60_0, 0;
    %jmp T_7.5;
T_7.4 ;
    %load/vec4 v0x559817d92f60_0;
    %assign/vec4 v0x559817d92f60_0, 0;
T_7.5 ;
    %jmp T_7.3;
T_7.2 ;
    %pushi/vec4 0, 0, 5;
    %assign/vec4 v0x559817d92f60_0, 0;
T_7.3 ;
    %jmp T_7.1;
T_7.0 ;
    %pushi/vec4 0, 0, 5;
    %assign/vec4 v0x559817d92f60_0, 0;
T_7.1 ;
    %jmp T_7;
    .thread T_7;
# The file index is used to find the file name in the following table.
:file_names 4;
    "N/A";
    "<interactive>";
    "micro_ucr_hash.v";
    "./Library.v";
